INFO 2020-06-02 14:04:30,781 basehttp 154 "GET / HTTP/1.1" 200 16286
INFO 2020-06-02 14:04:30,824 basehttp 154 "GET /static/admin/css/fonts.css HTTP/1.1" 200 423
WARNING 2020-06-02 14:04:31,289 log 228 Not Found: /favicon.ico
WARNING 2020-06-02 14:04:31,290 basehttp 154 "GET /favicon.ico HTTP/1.1" 404 1972
INFO 2020-06-02 14:04:31,323 basehttp 154 "GET /static/admin/fonts/Roboto-Bold-webfont.woff HTTP/1.1" 200 82564
INFO 2020-06-02 14:04:31,323 basehttp 154 "GET /static/admin/fonts/Roboto-Regular-webfont.woff HTTP/1.1" 200 80304
INFO 2020-06-02 14:04:31,324 basehttp 154 "GET /static/admin/fonts/Roboto-Light-webfont.woff HTTP/1.1" 200 81348
ERROR 2020-06-02 14:28:44,803 log 228 Internal Server Error: /
Traceback (most recent call last):
  File "E:\envs\test1\lib\site-packages\django\template\base.py", line 470, in parse
    compile_func = self.tags[command]
KeyError: 'content'

During handling of the above exception, another exception occurred:

Traceback (most recent call last):
  File "E:\envs\test1\lib\site-packages\django\core\handlers\exception.py", line 34, in inner
    response = get_response(request)
  File "E:\envs\test1\lib\site-packages\django\core\handlers\base.py", line 126, in _get_response
    response = self.process_exception_by_middleware(e, request)
  File "E:\envs\test1\lib\site-packages\django\core\handlers\base.py", line 124, in _get_response
    response = wrapped_callback(request, *callback_args, **callback_kwargs)
  File "C:\Users\12817\Desktop\klzgapp\klwork\klzg\views.py", line 7, in index
    return render(request, "show.html")
  File "E:\envs\test1\lib\site-packages\django\shortcuts.py", line 36, in render
    content = loader.render_to_string(template_name, context, request, using=using)
  File "E:\envs\test1\lib\site-packages\django\template\loader.py", line 61, in render_to_string
    template = get_template(template_name, using=using)
  File "E:\envs\test1\lib\site-packages\django\template\loader.py", line 15, in get_template
    return engine.get_template(template_name)
  File "E:\envs\test1\lib\site-packages\django\template\backends\django.py", line 34, in get_template
    return Template(self.engine.get_template(template_name), self)
  File "E:\envs\test1\lib\site-packages\django\template\engine.py", line 144, in get_template
    template, origin = self.find_template(template_name)
  File "E:\envs\test1\lib\site-packages\django\template\engine.py", line 126, in find_template
    template = loader.get_template(name, skip=skip)
  File "E:\envs\test1\lib\site-packages\django\template\loaders\base.py", line 30, in get_template
    contents, origin, origin.template_name, self.engine,
  File "E:\envs\test1\lib\site-packages\django\template\base.py", line 156, in __init__
    self.nodelist = self.compile_nodelist()
  File "E:\envs\test1\lib\site-packages\django\template\base.py", line 194, in compile_nodelist
    return parser.parse()
  File "E:\envs\test1\lib\site-packages\django\template\base.py", line 472, in parse
    self.invalid_block_tag(token, command, parse_until)
  File "E:\envs\test1\lib\site-packages\django\template\base.py", line 534, in invalid_block_tag
    "or load this tag?" % (token.lineno, command)
django.template.exceptions.TemplateSyntaxError: Invalid block tag on line 32: 'content'. Did you forget to register or load this tag?
ERROR 2020-06-02 14:28:44,807 basehttp 154 "GET / HTTP/1.1" 500 129358
INFO 2020-06-02 14:29:00,619 basehttp 154 "GET / HTTP/1.1" 200 1050
INFO 2020-06-02 14:32:20,888 basehttp 154 "GET / HTTP/1.1" 200 1133
INFO 2020-06-02 14:32:22,204 basehttp 154 "GET / HTTP/1.1" 200 1133
INFO 2020-06-02 14:33:00,457 basehttp 154 "GET / HTTP/1.1" 200 1160
INFO 2020-06-02 14:57:28,697 basehttp 154 "GET / HTTP/1.1" 200 1160
INFO 2020-06-02 15:00:30,449 basehttp 154 "GET / HTTP/1.1" 200 1115
INFO 2020-06-02 15:00:34,019 basehttp 154 "GET /show/ HTTP/1.1" 200 1160
INFO 2020-06-02 15:00:59,689 basehttp 154 "GET / HTTP/1.1" 200 1103
INFO 2020-06-02 15:00:59,991 basehttp 154 "GET / HTTP/1.1" 200 1103
INFO 2020-06-02 15:01:35,753 basehttp 154 "GET / HTTP/1.1" 200 1119
INFO 2020-06-02 15:01:55,213 basehttp 154 "GET / HTTP/1.1" 200 1056
INFO 2020-06-02 15:02:43,610 basehttp 154 "GET / HTTP/1.1" 200 984
INFO 2020-06-02 15:03:11,201 basehttp 154 "GET / HTTP/1.1" 200 883
INFO 2020-06-02 15:06:35,790 basehttp 154 "GET / HTTP/1.1" 200 956
INFO 2020-06-02 15:07:13,431 basehttp 154 "GET / HTTP/1.1" 200 1072
INFO 2020-06-02 15:08:17,338 basehttp 154 "GET / HTTP/1.1" 200 1072
INFO 2020-06-02 15:08:29,315 basehttp 154 "GET /static/blog/bs/css/bootstrap.css.map HTTP/1.1" 200 389287
INFO 2020-06-02 15:09:19,753 basehttp 154 "GET / HTTP/1.1" 200 1614
INFO 2020-06-02 15:09:47,225 basehttp 154 "GET / HTTP/1.1" 200 1152
INFO 2020-06-02 15:10:14,516 basehttp 154 "GET / HTTP/1.1" 200 1080
INFO 2020-06-02 15:10:15,820 basehttp 154 "GET / HTTP/1.1" 200 1080
INFO 2020-06-02 15:10:55,322 basehttp 154 "GET / HTTP/1.1" 200 985
INFO 2020-06-02 15:11:02,788 basehttp 154 "GET / HTTP/1.1" 200 985
INFO 2020-06-02 15:11:32,117 basehttp 154 "GET / HTTP/1.1" 200 1041
INFO 2020-06-02 15:11:43,633 basehttp 154 "GET / HTTP/1.1" 200 981
INFO 2020-06-02 15:12:11,344 basehttp 154 "GET / HTTP/1.1" 200 956
INFO 2020-06-02 15:12:19,958 basehttp 154 "GET / HTTP/1.1" 200 956
INFO 2020-06-02 15:12:37,084 basehttp 154 "GET / HTTP/1.1" 200 986
INFO 2020-06-02 15:12:49,590 basehttp 154 "GET / HTTP/1.1" 200 956
INFO 2020-06-02 15:13:04,533 basehttp 154 "GET / HTTP/1.1" 200 946
INFO 2020-06-02 15:13:11,823 basehttp 154 "GET / HTTP/1.1" 200 941
INFO 2020-06-02 15:13:12,419 basehttp 154 "GET / HTTP/1.1" 200 941
INFO 2020-06-02 15:13:21,980 basehttp 154 "GET / HTTP/1.1" 200 950
INFO 2020-06-02 15:13:28,236 basehttp 154 "GET /show/ HTTP/1.1" 200 1160
INFO 2020-06-02 15:13:54,295 basehttp 154 "GET /show/ HTTP/1.1" 200 1221
INFO 2020-06-02 15:13:59,744 basehttp 154 "GET /show/ HTTP/1.1" 200 1221
INFO 2020-06-02 15:14:17,467 basehttp 154 "GET /show/ HTTP/1.1" 200 1221
INFO 2020-06-02 15:14:18,021 basehttp 154 "GET /show/ HTTP/1.1" 200 1221
INFO 2020-06-02 15:14:18,514 basehttp 154 "GET /show/ HTTP/1.1" 200 1221
INFO 2020-06-02 15:14:18,819 basehttp 154 "GET /show/ HTTP/1.1" 200 1221
INFO 2020-06-02 15:14:19,021 basehttp 154 "GET /show/ HTTP/1.1" 200 1221
INFO 2020-06-02 15:14:19,208 basehttp 154 "GET /show/ HTTP/1.1" 200 1221
INFO 2020-06-02 15:14:25,377 basehttp 154 "GET /show/ HTTP/1.1" 200 1221
INFO 2020-06-02 15:14:36,461 basehttp 154 "GET /show/ HTTP/1.1" 200 1221
INFO 2020-06-02 15:14:36,941 basehttp 154 "GET /show/ HTTP/1.1" 200 1221
INFO 2020-06-02 15:14:37,153 basehttp 154 "GET /show/ HTTP/1.1" 200 1221
INFO 2020-06-02 15:14:37,332 basehttp 154 "GET /show/ HTTP/1.1" 200 1221
INFO 2020-06-02 15:14:46,732 basehttp 154 "GET /show/ HTTP/1.1" 200 1215
INFO 2020-06-02 15:18:58,411 basehttp 154 "GET / HTTP/1.1" 200 950
INFO 2020-06-02 15:19:00,998 basehttp 154 "GET /show/ HTTP/1.1" 200 1453
INFO 2020-06-02 15:19:20,092 basehttp 154 "GET /show/ HTTP/1.1" 200 1453
INFO 2020-06-02 15:19:32,757 basehttp 154 "GET /show/ HTTP/1.1" 200 1453
INFO 2020-06-02 15:19:34,343 basehttp 154 "GET /show/ HTTP/1.1" 200 1453
INFO 2020-06-02 15:19:52,794 basehttp 154 "GET /show/ HTTP/1.1" 200 1453
INFO 2020-06-02 15:19:53,747 basehttp 154 "GET /show/ HTTP/1.1" 200 1453
INFO 2020-06-02 15:19:59,456 basehttp 154 "GET /static/blog/bs/css/bootstrap.css.map HTTP/1.1" 200 389287
INFO 2020-06-02 15:20:29,966 basehttp 154 "GET /show/ HTTP/1.1" 200 1435
INFO 2020-06-02 15:20:30,007 basehttp 154 "GET /static/blog/bs/css/bootstrap.css HTTP/1.1" 200 146010
INFO 2020-06-02 15:20:30,009 basehttp 154 "GET /static/js/jquery-3.2.1.min.js HTTP/1.1" 200 86659
INFO 2020-06-02 15:20:30,010 basehttp 154 "GET /static/blog/bs/js/bootstrap.min.js HTTP/1.1" 200 37045
INFO 2020-06-02 15:20:30,088 basehttp 154 "GET /static/blog/bs/css/bootstrap.css.map HTTP/1.1" 200 389287
INFO 2020-06-02 15:20:44,210 basehttp 154 "GET /show/ HTTP/1.1" 200 1435
INFO 2020-06-02 15:20:44,251 basehttp 154 "GET /static/blog/bs/js/bootstrap.min.js HTTP/1.1" 200 37045
INFO 2020-06-02 15:20:44,252 basehttp 154 "GET /static/js/jquery-3.2.1.min.js HTTP/1.1" 200 86659
INFO 2020-06-02 15:20:44,252 basehttp 154 "GET /static/blog/bs/css/bootstrap.css HTTP/1.1" 200 146010
INFO 2020-06-02 15:20:44,328 basehttp 154 "GET /static/blog/bs/css/bootstrap.css.map HTTP/1.1" 200 389287
INFO 2020-06-02 15:20:56,536 basehttp 154 "GET /show/ HTTP/1.1" 200 1384
INFO 2020-06-02 15:20:56,580 basehttp 154 "GET /static/blog/bs/js/bootstrap.min.js HTTP/1.1" 200 37045
INFO 2020-06-02 15:20:56,581 basehttp 154 "GET /static/js/jquery-3.2.1.min.js HTTP/1.1" 200 86659
INFO 2020-06-02 15:20:56,581 basehttp 154 "GET /static/blog/bs/css/bootstrap.css HTTP/1.1" 200 146010
INFO 2020-06-02 15:20:56,654 basehttp 154 "GET /static/blog/bs/css/bootstrap.css.map HTTP/1.1" 200 389287
INFO 2020-06-02 15:21:07,651 basehttp 154 "GET /show/ HTTP/1.1" 200 1435
INFO 2020-06-02 15:21:07,694 basehttp 154 "GET /static/blog/bs/js/bootstrap.min.js HTTP/1.1" 200 37045
INFO 2020-06-02 15:21:07,695 basehttp 154 "GET /static/js/jquery-3.2.1.min.js HTTP/1.1" 200 86659
INFO 2020-06-02 15:21:07,696 basehttp 154 "GET /static/blog/bs/css/bootstrap.css HTTP/1.1" 200 146010
INFO 2020-06-02 15:21:07,768 basehttp 154 "GET /static/blog/bs/css/bootstrap.css.map HTTP/1.1" 200 389287
INFO 2020-06-02 15:21:29,687 basehttp 154 "GET /show/ HTTP/1.1" 200 1435
INFO 2020-06-02 15:21:29,724 basehttp 154 "GET /static/blog/bs/js/bootstrap.min.js HTTP/1.1" 200 37045
INFO 2020-06-02 15:21:29,725 basehttp 154 "GET /static/js/jquery-3.2.1.min.js HTTP/1.1" 200 86659
INFO 2020-06-02 15:21:29,726 basehttp 154 "GET /static/blog/bs/css/bootstrap.css HTTP/1.1" 200 146010
INFO 2020-06-02 15:21:29,791 basehttp 154 "GET /static/blog/bs/css/bootstrap.css.map HTTP/1.1" 200 389287
INFO 2020-06-02 15:21:30,378 basehttp 154 "GET /show/ HTTP/1.1" 200 1435
INFO 2020-06-02 15:21:30,412 basehttp 154 "GET /static/blog/bs/js/bootstrap.min.js HTTP/1.1" 200 37045
INFO 2020-06-02 15:21:30,414 basehttp 154 "GET /static/js/jquery-3.2.1.min.js HTTP/1.1" 200 86659
INFO 2020-06-02 15:21:30,414 basehttp 154 "GET /static/blog/bs/css/bootstrap.css HTTP/1.1" 200 146010
INFO 2020-06-02 15:21:30,487 basehttp 154 "GET /static/blog/bs/css/bootstrap.css.map HTTP/1.1" 200 389287
INFO 2020-06-02 15:22:18,264 basehttp 154 "GET /show/ HTTP/1.1" 200 1435
INFO 2020-06-02 15:22:18,308 basehttp 154 "GET /static/blog/bs/js/bootstrap.min.js HTTP/1.1" 200 37045
INFO 2020-06-02 15:22:18,309 basehttp 154 "GET /static/js/jquery-3.2.1.min.js HTTP/1.1" 200 86659
INFO 2020-06-02 15:22:18,310 basehttp 154 "GET /static/blog/bs/css/bootstrap.css HTTP/1.1" 200 146010
INFO 2020-06-02 15:22:18,394 basehttp 154 "GET /static/blog/bs/css/bootstrap.css.map HTTP/1.1" 200 389287
INFO 2020-06-02 15:22:18,930 basehttp 154 "GET /show/ HTTP/1.1" 200 1435
INFO 2020-06-02 15:22:18,970 basehttp 154 "GET /static/blog/bs/js/bootstrap.min.js HTTP/1.1" 200 37045
INFO 2020-06-02 15:22:18,971 basehttp 154 "GET /static/js/jquery-3.2.1.min.js HTTP/1.1" 200 86659
INFO 2020-06-02 15:22:18,972 basehttp 154 "GET /static/blog/bs/css/bootstrap.css HTTP/1.1" 200 146010
INFO 2020-06-02 15:22:19,044 basehttp 154 "GET /static/blog/bs/css/bootstrap.css.map HTTP/1.1" 200 389287
INFO 2020-06-02 15:22:19,156 basehttp 154 "GET /show/ HTTP/1.1" 200 1435
INFO 2020-06-02 15:22:19,200 basehttp 154 "GET /static/blog/bs/js/bootstrap.min.js HTTP/1.1" 200 37045
INFO 2020-06-02 15:22:19,201 basehttp 154 "GET /static/js/jquery-3.2.1.min.js HTTP/1.1" 200 86659
INFO 2020-06-02 15:22:19,202 basehttp 154 "GET /static/blog/bs/css/bootstrap.css HTTP/1.1" 200 146010
INFO 2020-06-02 15:22:19,297 basehttp 154 "GET /static/blog/bs/css/bootstrap.css.map HTTP/1.1" 200 389287
INFO 2020-06-02 15:22:19,357 basehttp 154 "GET /show/ HTTP/1.1" 200 1435
INFO 2020-06-02 15:22:19,402 basehttp 154 "GET /static/blog/bs/js/bootstrap.min.js HTTP/1.1" 200 37045
INFO 2020-06-02 15:22:19,403 basehttp 154 "GET /static/js/jquery-3.2.1.min.js HTTP/1.1" 200 86659
INFO 2020-06-02 15:22:19,405 basehttp 154 "GET /static/blog/bs/css/bootstrap.css HTTP/1.1" 200 146010
INFO 2020-06-02 15:22:19,486 basehttp 154 "GET /static/blog/bs/css/bootstrap.css.map HTTP/1.1" 200 389287
INFO 2020-06-02 15:22:19,527 basehttp 154 "GET /show/ HTTP/1.1" 200 1435
INFO 2020-06-02 15:22:19,572 basehttp 154 "GET /static/blog/bs/js/bootstrap.min.js HTTP/1.1" 200 37045
INFO 2020-06-02 15:22:19,573 basehttp 154 "GET /static/js/jquery-3.2.1.min.js HTTP/1.1" 200 86659
INFO 2020-06-02 15:22:19,574 basehttp 154 "GET /static/blog/bs/css/bootstrap.css HTTP/1.1" 200 146010
INFO 2020-06-02 15:22:19,668 basehttp 154 "GET /static/blog/bs/css/bootstrap.css.map HTTP/1.1" 200 389287
INFO 2020-06-02 15:22:36,572 basehttp 154 "GET /show/ HTTP/1.1" 200 1432
INFO 2020-06-02 15:22:36,610 basehttp 154 "GET /static/blog/bs/js/bootstrap.min.js HTTP/1.1" 200 37045
INFO 2020-06-02 15:22:36,611 basehttp 154 "GET /static/js/jquery-3.2.1.min.js HTTP/1.1" 200 86659
INFO 2020-06-02 15:22:36,612 basehttp 154 "GET /static/blog/bs/css/bootstrap.css HTTP/1.1" 200 146010
INFO 2020-06-02 15:22:36,697 basehttp 154 "GET /static/blog/bs/css/bootstrap.css.map HTTP/1.1" 200 389287
INFO 2020-06-02 15:22:56,671 basehttp 154 "GET /show/ HTTP/1.1" 200 1197
INFO 2020-06-02 15:22:56,706 basehttp 154 "GET /static/blog/bs/js/bootstrap.min.js HTTP/1.1" 200 37045
INFO 2020-06-02 15:22:56,707 basehttp 154 "GET /static/js/jquery-3.2.1.min.js HTTP/1.1" 200 86659
INFO 2020-06-02 15:22:56,708 basehttp 154 "GET /static/blog/bs/css/bootstrap.css HTTP/1.1" 200 146010
INFO 2020-06-02 15:22:56,771 basehttp 154 "GET /static/blog/bs/css/bootstrap.css.map HTTP/1.1" 200 389287
INFO 2020-06-02 15:29:37,159 basehttp 154 "GET /show/ HTTP/1.1" 200 1184
INFO 2020-06-02 15:29:37,958 basehttp 154 "GET /show/ HTTP/1.1" 200 1184
INFO 2020-06-02 15:29:38,362 basehttp 154 "GET /show/ HTTP/1.1" 200 1184
INFO 2020-06-02 15:30:00,464 basehttp 154 "GET /show/ HTTP/1.1" 200 1184
INFO 2020-06-02 16:12:55,725 basehttp 154 "GET /show/ HTTP/1.1" 200 1196
INFO 2020-06-02 16:12:57,041 basehttp 154 "GET /show/ HTTP/1.1" 200 1196
INFO 2020-06-02 16:14:03,078 basehttp 154 "GET /show/ HTTP/1.1" 200 1202
INFO 2020-06-02 16:14:26,840 basehttp 154 "GET /show/ HTTP/1.1" 200 1214
INFO 2020-06-02 16:14:33,906 basehttp 154 "GET /show/ HTTP/1.1" 200 1210
INFO 2020-06-02 16:15:06,541 basehttp 154 "GET /show/ HTTP/1.1" 200 1224
INFO 2020-06-02 16:44:55,540 basehttp 154 "GET /show/ HTTP/1.1" 200 1224
INFO 2020-06-02 16:46:12,635 basehttp 154 "GET /show/ HTTP/1.1" 200 1257
INFO 2020-06-02 16:46:21,968 basehttp 154 "GET /show/ HTTP/1.1" 200 1259
INFO 2020-06-02 16:46:22,765 basehttp 154 "GET /show/ HTTP/1.1" 200 1259
INFO 2020-06-02 16:46:34,538 basehttp 154 "GET /show/ HTTP/1.1" 200 1267
INFO 2020-06-02 16:46:35,132 basehttp 154 "GET /show/ HTTP/1.1" 200 1267
INFO 2020-06-02 16:46:35,560 basehttp 154 "GET /show/ HTTP/1.1" 200 1267
INFO 2020-06-02 16:46:35,771 basehttp 154 "GET /show/ HTTP/1.1" 200 1267
INFO 2020-06-02 16:46:40,825 basehttp 154 "GET /show/ HTTP/1.1" 200 1279
INFO 2020-06-02 16:46:41,533 basehttp 154 "GET /show/ HTTP/1.1" 200 1279
INFO 2020-06-02 16:46:54,260 basehttp 154 "GET /show/ HTTP/1.1" 200 1281
ERROR 2020-06-02 16:54:53,915 log 228 Internal Server Error: /show/
Traceback (most recent call last):
  File "E:\envs\test1\lib\site-packages\django\core\handlers\exception.py", line 34, in inner
    response = get_response(request)
  File "E:\envs\test1\lib\site-packages\django\core\handlers\base.py", line 126, in _get_response
    response = self.process_exception_by_middleware(e, request)
  File "E:\envs\test1\lib\site-packages\django\core\handlers\base.py", line 124, in _get_response
    response = wrapped_callback(request, *callback_args, **callback_kwargs)
  File "C:\Users\12817\Desktop\klzgapp\klwork\klzg\views.py", line 11, in show
    return render(request, "show.html", locals())
  File "E:\envs\test1\lib\site-packages\django\shortcuts.py", line 36, in render
    content = loader.render_to_string(template_name, context, request, using=using)
  File "E:\envs\test1\lib\site-packages\django\template\loader.py", line 62, in render_to_string
    return template.render(context, request)
  File "E:\envs\test1\lib\site-packages\django\template\backends\django.py", line 61, in render
    return self.template.render(context)
  File "E:\envs\test1\lib\site-packages\django\template\base.py", line 171, in render
    return self._render(context)
  File "E:\envs\test1\lib\site-packages\django\template\base.py", line 163, in _render
    return self.nodelist.render(context)
  File "E:\envs\test1\lib\site-packages\django\template\base.py", line 937, in render
    bit = node.render_annotated(context)
  File "E:\envs\test1\lib\site-packages\django\template\base.py", line 904, in render_annotated
    return self.render(context)
  File "E:\envs\test1\lib\site-packages\django\template\defaulttags.py", line 209, in render
    nodelist.append(node.render_annotated(context))
  File "E:\envs\test1\lib\site-packages\django\template\base.py", line 904, in render_annotated
    return self.render(context)
  File "E:\envs\test1\lib\site-packages\django\template\base.py", line 987, in render
    output = self.filter_expression.resolve(context)
  File "E:\envs\test1\lib\site-packages\django\template\base.py", line 671, in resolve
    obj = self.var.resolve(context)
  File "E:\envs\test1\lib\site-packages\django\template\base.py", line 796, in resolve
    value = self._resolve_lookup(context)
  File "E:\envs\test1\lib\site-packages\django\template\base.py", line 858, in _resolve_lookup
    current = current()
  File "E:\envs\test1\lib\site-packages\django\db\models\manager.py", line 82, in manager_method
    return getattr(self.get_queryset(), name)(*args, **kwargs)
TypeError: datetimes() missing 2 required positional arguments: 'field_name' and 'kind'
ERROR 2020-06-02 16:54:53,918 basehttp 154 "GET /show/ HTTP/1.1" 500 140849
INFO 2020-06-02 16:55:09,274 basehttp 154 "GET /show/ HTTP/1.1" 200 1281
INFO 2020-06-02 17:15:11,036 basehttp 154 "GET /show/ HTTP/1.1" 200 1326
INFO 2020-06-02 17:26:17,212 basehttp 154 "GET / HTTP/1.1" 200 898
INFO 2020-06-02 17:26:18,359 basehttp 154 "GET / HTTP/1.1" 200 898
INFO 2020-06-02 17:26:49,229 basehttp 154 "GET / HTTP/1.1" 200 936
INFO 2020-06-02 17:27:27,942 basehttp 154 "GET / HTTP/1.1" 200 915
INFO 2020-06-02 17:27:56,499 basehttp 154 "GET / HTTP/1.1" 200 974
INFO 2020-06-02 17:28:53,732 basehttp 154 "GET / HTTP/1.1" 200 916
INFO 2020-06-02 17:31:54,174 basehttp 154 "GET / HTTP/1.1" 200 1620
INFO 2020-06-02 17:32:32,280 basehttp 154 "GET / HTTP/1.1" 200 1312
INFO 2020-06-02 17:33:14,919 basehttp 154 "GET / HTTP/1.1" 200 1388
INFO 2020-06-02 17:33:15,457 basehttp 154 "GET / HTTP/1.1" 200 1388
INFO 2020-06-02 17:34:12,639 basehttp 154 "GET / HTTP/1.1" 200 1296
INFO 2020-06-02 17:34:14,191 basehttp 154 "GET / HTTP/1.1" 200 1296
INFO 2020-06-02 17:34:23,480 basehttp 154 "GET / HTTP/1.1" 200 1296
INFO 2020-06-02 17:40:58,785 basehttp 154 "GET /show/ HTTP/1.1" 200 1326
INFO 2020-06-02 17:41:02,107 basehttp 154 "GET / HTTP/1.1" 200 1411
INFO 2020-06-02 17:41:02,693 basehttp 154 "GET / HTTP/1.1" 200 1411
INFO 2020-06-02 17:42:12,129 basehttp 154 "GET / HTTP/1.1" 200 1421
INFO 2020-06-02 17:42:22,923 basehttp 154 "GET / HTTP/1.1" 200 1405
INFO 2020-06-02 17:42:23,181 basehttp 154 "GET / HTTP/1.1" 200 1405
INFO 2020-06-02 17:42:23,429 basehttp 154 "GET / HTTP/1.1" 200 1405
INFO 2020-06-02 17:42:23,621 basehttp 154 "GET / HTTP/1.1" 200 1405
INFO 2020-06-02 17:44:16,751 basehttp 154 "GET / HTTP/1.1" 200 1405
INFO 2020-06-02 17:44:19,542 basehttp 154 "GET /static/blog/bs/css/bootstrap.css.map HTTP/1.1" 200 389287
INFO 2020-06-02 17:46:13,173 basehttp 154 "GET / HTTP/1.1" 200 1405
INFO 2020-06-02 17:46:13,220 basehttp 154 "GET /static/js/jquery-3.2.1.min.js HTTP/1.1" 200 86659
INFO 2020-06-02 17:46:13,221 basehttp 154 "GET /static/blog/bs/css/bootstrap.css HTTP/1.1" 200 146010
INFO 2020-06-02 17:46:13,225 basehttp 154 "GET /static/blog/bs/js/bootstrap.min.js HTTP/1.1" 200 37045
INFO 2020-06-02 17:46:13,310 basehttp 154 "GET /static/blog/bs/css/bootstrap.css.map HTTP/1.1" 200 389287
INFO 2020-06-02 17:46:13,758 basehttp 154 "GET / HTTP/1.1" 200 1405
INFO 2020-06-02 17:46:13,798 basehttp 154 "GET /static/blog/bs/js/bootstrap.min.js HTTP/1.1" 200 37045
INFO 2020-06-02 17:46:13,799 basehttp 154 "GET /static/js/jquery-3.2.1.min.js HTTP/1.1" 200 86659
INFO 2020-06-02 17:46:13,799 basehttp 154 "GET /static/blog/bs/css/bootstrap.css HTTP/1.1" 200 146010
INFO 2020-06-02 17:46:13,888 basehttp 154 "GET /static/blog/bs/css/bootstrap.css.map HTTP/1.1" 200 389287
INFO 2020-06-02 17:46:14,038 basehttp 154 "GET / HTTP/1.1" 200 1405
INFO 2020-06-02 17:46:14,082 basehttp 154 "GET /static/blog/bs/js/bootstrap.min.js HTTP/1.1" 200 37045
INFO 2020-06-02 17:46:14,083 basehttp 154 "GET /static/js/jquery-3.2.1.min.js HTTP/1.1" 200 86659
INFO 2020-06-02 17:46:14,084 basehttp 154 "GET /static/blog/bs/css/bootstrap.css HTTP/1.1" 200 146010
INFO 2020-06-02 17:46:14,161 basehttp 154 "GET /static/blog/bs/css/bootstrap.css.map HTTP/1.1" 200 389287
INFO 2020-06-02 17:46:14,253 basehttp 154 "GET / HTTP/1.1" 200 1405
INFO 2020-06-02 17:46:14,298 basehttp 154 "GET /static/blog/bs/js/bootstrap.min.js HTTP/1.1" 200 37045
INFO 2020-06-02 17:46:14,299 basehttp 154 "GET /static/js/jquery-3.2.1.min.js HTTP/1.1" 200 86659
INFO 2020-06-02 17:46:14,300 basehttp 154 "GET /static/blog/bs/css/bootstrap.css HTTP/1.1" 200 146010
INFO 2020-06-02 17:46:14,383 basehttp 154 "GET /static/blog/bs/css/bootstrap.css.map HTTP/1.1" 200 389287
INFO 2020-06-02 17:46:31,813 basehttp 154 "GET / HTTP/1.1" 200 1405
INFO 2020-06-02 17:46:31,851 basehttp 154 "GET /static/blog/bs/js/bootstrap.min.js HTTP/1.1" 200 37045
INFO 2020-06-02 17:46:31,852 basehttp 154 "GET /static/js/jquery-3.2.1.min.js HTTP/1.1" 200 86659
INFO 2020-06-02 17:46:31,853 basehttp 154 "GET /static/blog/bs/css/bootstrap.css HTTP/1.1" 200 146010
INFO 2020-06-02 17:46:31,937 basehttp 154 "GET /static/blog/bs/css/bootstrap.css.map HTTP/1.1" 200 389287
INFO 2020-06-02 17:46:32,121 basehttp 154 "GET / HTTP/1.1" 200 1405
INFO 2020-06-02 17:46:32,183 basehttp 154 "GET /static/blog/bs/css/bootstrap.css HTTP/1.1" 200 146010
INFO 2020-06-02 17:46:32,184 basehttp 154 "GET /static/blog/bs/js/bootstrap.min.js HTTP/1.1" 200 37045
INFO 2020-06-02 17:46:32,184 basehttp 154 "GET /static/js/jquery-3.2.1.min.js HTTP/1.1" 200 86659
INFO 2020-06-02 17:46:32,263 basehttp 154 "GET /static/blog/bs/css/bootstrap.css.map HTTP/1.1" 200 389287
INFO 2020-06-02 17:46:42,664 basehttp 154 "GET / HTTP/1.1" 200 1405
INFO 2020-06-02 17:46:42,727 basehttp 154 "GET /static/blog/bs/css/bootstrap.css HTTP/1.1" 200 146010
INFO 2020-06-02 17:46:42,729 basehttp 154 "GET /static/js/jquery-3.2.1.min.js HTTP/1.1" 200 86659
INFO 2020-06-02 17:46:42,736 basehttp 154 "GET /static/blog/bs/js/bootstrap.min.js HTTP/1.1" 200 37045
INFO 2020-06-02 17:46:42,851 basehttp 154 "GET /static/blog/bs/css/bootstrap.css.map HTTP/1.1" 200 389287
INFO 2020-06-02 17:46:44,334 basehttp 154 "GET / HTTP/1.1" 200 1405
INFO 2020-06-02 17:46:44,382 basehttp 154 "GET /static/blog/bs/js/bootstrap.min.js HTTP/1.1" 200 37045
INFO 2020-06-02 17:46:44,383 basehttp 154 "GET /static/js/jquery-3.2.1.min.js HTTP/1.1" 200 86659
INFO 2020-06-02 17:46:44,385 basehttp 154 "GET /static/blog/bs/css/bootstrap.css HTTP/1.1" 200 146010
INFO 2020-06-02 17:46:44,468 basehttp 154 "GET /static/blog/bs/css/bootstrap.css.map HTTP/1.1" 200 389287
INFO 2020-06-02 17:46:50,812 basehttp 154 "GET / HTTP/1.1" 200 1405
INFO 2020-06-02 17:46:53,912 basehttp 154 "GET /static/blog/bs/css/bootstrap.css.map HTTP/1.1" 200 389287
INFO 2020-06-02 17:48:44,473 basehttp 154 "GET / HTTP/1.1" 200 1405
INFO 2020-06-02 17:48:44,521 basehttp 154 "GET /static/js/jquery-3.2.1.min.js HTTP/1.1" 200 86659
INFO 2020-06-02 17:48:44,525 basehttp 154 "GET /static/blog/bs/js/bootstrap.min.js HTTP/1.1" 200 37045
INFO 2020-06-02 17:48:44,527 basehttp 154 "GET /static/blog/bs/css/bootstrap.css HTTP/1.1" 200 146010
INFO 2020-06-02 17:48:44,612 basehttp 154 "GET /static/blog/bs/css/bootstrap.css.map HTTP/1.1" 200 389287
INFO 2020-06-02 17:48:48,785 basehttp 154 "GET / HTTP/1.1" 200 1405
INFO 2020-06-02 17:48:48,827 basehttp 154 "GET /static/blog/bs/js/bootstrap.min.js HTTP/1.1" 200 37045
INFO 2020-06-02 17:48:48,828 basehttp 154 "GET /static/blog/bs/css/bootstrap.css HTTP/1.1" 200 146010
INFO 2020-06-02 17:48:48,829 basehttp 154 "GET /static/js/jquery-3.2.1.min.js HTTP/1.1" 200 86659
INFO 2020-06-02 17:48:48,911 basehttp 154 "GET /static/blog/bs/css/bootstrap.css.map HTTP/1.1" 200 389287
INFO 2020-06-02 17:49:16,535 basehttp 154 "GET / HTTP/1.1" 200 1405
INFO 2020-06-02 17:49:16,595 basehttp 154 "GET /static/js/jquery-3.2.1.min.js HTTP/1.1" 200 86659
INFO 2020-06-02 17:49:16,600 basehttp 154 "GET /static/blog/bs/css/bootstrap.css HTTP/1.1" 200 146010
INFO 2020-06-02 17:49:16,602 basehttp 154 "GET /static/blog/bs/js/bootstrap.min.js HTTP/1.1" 200 37045
INFO 2020-06-02 17:49:18,271 basehttp 154 "GET / HTTP/1.1" 200 1405
INFO 2020-06-02 17:49:20,249 basehttp 154 "GET /static/blog/bs/css/bootstrap.css.map HTTP/1.1" 200 389287
INFO 2020-06-02 17:49:34,690 basehttp 154 "GET / HTTP/1.1" 200 1405
INFO 2020-06-02 17:49:34,750 basehttp 154 "GET /static/blog/bs/css/bootstrap.css HTTP/1.1" 200 146010
INFO 2020-06-02 17:49:34,751 basehttp 154 "GET /static/js/jquery-3.2.1.min.js HTTP/1.1" 200 86659
INFO 2020-06-02 17:49:34,755 basehttp 154 "GET /static/blog/bs/js/bootstrap.min.js HTTP/1.1" 200 37045
INFO 2020-06-02 17:49:34,843 basehttp 154 "GET /static/blog/bs/css/bootstrap.css.map HTTP/1.1" 200 389287
INFO 2020-06-02 17:50:24,468 basehttp 154 "GET /show/ HTTP/1.1" 200 1326
INFO 2020-06-02 17:50:25,257 basehttp 154 "GET /show/ HTTP/1.1" 200 1326
INFO 2020-06-02 17:50:29,441 basehttp 154 "GET / HTTP/1.1" 200 1405
INFO 2020-06-02 17:50:48,485 basehttp 154 "GET / HTTP/1.1" 200 1405
INFO 2020-06-02 17:50:49,224 basehttp 154 "GET / HTTP/1.1" 200 1405
INFO 2020-06-02 17:50:49,643 basehttp 154 "GET / HTTP/1.1" 200 1405
INFO 2020-06-02 17:51:00,918 basehttp 154 "GET / HTTP/1.1" 200 1405
INFO 2020-06-02 17:51:21,116 basehttp 154 "GET / HTTP/1.1" 200 1405
INFO 2020-06-02 17:51:38,932 basehttp 154 "GET / HTTP/1.1" 200 1408
INFO 2020-06-02 17:51:45,115 basehttp 154 "GET / HTTP/1.1" 200 1408
INFO 2020-06-02 17:51:57,212 basehttp 154 "GET / HTTP/1.1" 200 1413
INFO 2020-06-02 17:51:57,747 basehttp 154 "GET / HTTP/1.1" 200 1413
INFO 2020-06-02 17:52:19,739 basehttp 154 "GET / HTTP/1.1" 200 1468
INFO 2020-06-02 17:52:25,972 basehttp 154 "GET / HTTP/1.1" 200 1469
INFO 2020-06-02 17:52:31,244 basehttp 154 "GET / HTTP/1.1" 200 1469
INFO 2020-06-02 17:53:48,460 basehttp 154 "GET / HTTP/1.1" 200 1433
INFO 2020-06-02 17:53:48,989 basehttp 154 "GET / HTTP/1.1" 200 1433
INFO 2020-06-02 17:54:13,185 basehttp 154 "GET / HTTP/1.1" 200 1486
INFO 2020-06-02 17:54:13,946 basehttp 154 "GET / HTTP/1.1" 200 1486
WARNING 2020-06-02 17:54:33,434 log 228 Not Found: /(
WARNING 2020-06-02 17:54:33,436 basehttp 154 "GET /(?P%3Cusername%3E\w+)/(?P%3Ccondition%3Etag|category|archive)/(?P%3Cparam%3E.*)/ HTTP/1.1" 404 2234
INFO 2020-06-02 17:57:54,893 basehttp 154 "GET / HTTP/1.1" 200 951
INFO 2020-06-02 17:57:58,053 basehttp 154 "GET /show/ HTTP/1.1" 200 1326
INFO 2020-06-02 17:58:27,491 basehttp 154 "GET / HTTP/1.1" 200 1008
INFO 2020-06-02 17:58:59,886 basehttp 154 "GET / HTTP/1.1" 200 1060
INFO 2020-06-02 17:59:26,771 basehttp 154 "GET / HTTP/1.1" 200 1114
INFO 2020-06-02 17:59:34,127 basehttp 154 "GET / HTTP/1.1" 200 1126
INFO 2020-06-02 18:00:25,835 basehttp 154 "GET /static/blog/bs/css/bootstrap.css.map HTTP/1.1" 200 389287
INFO 2020-06-02 18:02:39,651 basehttp 154 "GET / HTTP/1.1" 200 1105
INFO 2020-06-02 18:02:39,697 basehttp 154 "GET /static/blog/bs/css/bootstrap.css HTTP/1.1" 200 146010
INFO 2020-06-02 18:02:39,700 basehttp 154 "GET /static/js/jquery-3.2.1.min.js HTTP/1.1" 200 86659
INFO 2020-06-02 18:02:39,702 basehttp 154 "GET /static/blog/bs/js/bootstrap.min.js HTTP/1.1" 200 37045
INFO 2020-06-02 18:02:39,790 basehttp 154 "GET /static/blog/bs/css/bootstrap.css.map HTTP/1.1" 200 389287
INFO 2020-06-02 18:04:04,687 basehttp 154 "GET / HTTP/1.1" 200 1103
INFO 2020-06-02 18:04:04,742 basehttp 154 "GET /static/blog/bs/js/bootstrap.min.js HTTP/1.1" 200 37045
INFO 2020-06-02 18:04:04,743 basehttp 154 "GET /static/js/jquery-3.2.1.min.js HTTP/1.1" 200 86659
INFO 2020-06-02 18:04:04,743 basehttp 154 "GET /static/blog/bs/css/bootstrap.css HTTP/1.1" 200 146010
INFO 2020-06-02 18:04:04,832 basehttp 154 "GET /static/blog/bs/css/bootstrap.css.map HTTP/1.1" 200 389287
INFO 2020-06-02 18:04:15,089 basehttp 154 "GET / HTTP/1.1" 200 1133
INFO 2020-06-02 18:04:15,138 basehttp 154 "GET /static/blog/bs/js/bootstrap.min.js HTTP/1.1" 200 37045
INFO 2020-06-02 18:04:15,139 basehttp 154 "GET /static/js/jquery-3.2.1.min.js HTTP/1.1" 200 86659
INFO 2020-06-02 18:04:15,140 basehttp 154 "GET /static/blog/bs/css/bootstrap.css HTTP/1.1" 200 146010
INFO 2020-06-02 18:04:15,248 basehttp 154 "GET /static/blog/bs/css/bootstrap.css.map HTTP/1.1" 200 389287
INFO 2020-06-02 18:05:39,149 basehttp 154 "GET / HTTP/1.1" 200 1133
INFO 2020-06-02 18:05:39,187 basehttp 154 "GET /static/blog/bs/js/bootstrap.min.js HTTP/1.1" 200 37045
INFO 2020-06-02 18:05:39,189 basehttp 154 "GET /static/js/jquery-3.2.1.min.js HTTP/1.1" 200 86659
INFO 2020-06-02 18:05:39,191 basehttp 154 "GET /static/blog/bs/css/bootstrap.css HTTP/1.1" 200 146010
INFO 2020-06-02 18:05:39,280 basehttp 154 "GET /static/blog/bs/css/bootstrap.css.map HTTP/1.1" 200 389287
INFO 2020-06-02 18:06:43,274 basehttp 154 "GET / HTTP/1.1" 200 1117
INFO 2020-06-02 18:06:43,316 basehttp 154 "GET /static/blog/bs/js/bootstrap.min.js HTTP/1.1" 200 37045
INFO 2020-06-02 18:06:43,316 basehttp 154 "GET /static/js/jquery-3.2.1.min.js HTTP/1.1" 200 86659
INFO 2020-06-02 18:06:43,317 basehttp 154 "GET /static/blog/bs/css/bootstrap.css HTTP/1.1" 200 146010
INFO 2020-06-02 18:06:43,392 basehttp 154 "GET /static/blog/bs/css/bootstrap.css.map HTTP/1.1" 200 389287
